f:\computing with digital media\multimedia design applications\localrepo\assignment2\assignment2\debug\vc120.pdb
f:\computing with digital media\multimedia design applications\localrepo\assignment2\assignment2\debug\vc120.idb
f:\computing with digital media\multimedia design applications\localrepo\assignment2\assignment2\debug\game.obj
f:\computing with digital media\multimedia design applications\localrepo\assignment2\assignment2\debug\sdlutils.obj
f:\computing with digital media\multimedia design applications\localrepo\assignment2\assignment2\debug\main.obj
f:\computing with digital media\multimedia design applications\localrepo\assignment2\debug\assignment2.ilk
f:\computing with digital media\multimedia design applications\localrepo\assignment2\debug\assignment2.exe
f:\computing with digital media\multimedia design applications\localrepo\assignment2\debug\assignment2.pdb
f:\computing with digital media\multimedia design applications\localrepo\assignment2\assignment2\debug\assignment2.tlog\cl.command.1.tlog
f:\computing with digital media\multimedia design applications\localrepo\assignment2\assignment2\debug\assignment2.tlog\cl.read.1.tlog
f:\computing with digital media\multimedia design applications\localrepo\assignment2\assignment2\debug\assignment2.tlog\cl.write.1.tlog
f:\computing with digital media\multimedia design applications\localrepo\assignment2\assignment2\debug\assignment2.tlog\link-cvtres.read.1.tlog
f:\computing with digital media\multimedia design applications\localrepo\assignment2\assignment2\debug\assignment2.tlog\link-cvtres.write.1.tlog
f:\computing with digital media\multimedia design applications\localrepo\assignment2\assignment2\debug\assignment2.tlog\link-rc.read.1.tlog
f:\computing with digital media\multimedia design applications\localrepo\assignment2\assignment2\debug\assignment2.tlog\link-rc.write.1.tlog
f:\computing with digital media\multimedia design applications\localrepo\assignment2\assignment2\debug\assignment2.tlog\link.2884-cvtres.read.1.tlog
f:\computing with digital media\multimedia design applications\localrepo\assignment2\assignment2\debug\assignment2.tlog\link.2884-cvtres.write.1.tlog
f:\computing with digital media\multimedia design applications\localrepo\assignment2\assignment2\debug\assignment2.tlog\link.2884-rc.read.1.tlog
f:\computing with digital media\multimedia design applications\localrepo\assignment2\assignment2\debug\assignment2.tlog\link.2884-rc.write.1.tlog
f:\computing with digital media\multimedia design applications\localrepo\assignment2\assignment2\debug\assignment2.tlog\link.2884.read.1.tlog
f:\computing with digital media\multimedia design applications\localrepo\assignment2\assignment2\debug\assignment2.tlog\link.2884.write.1.tlog
f:\computing with digital media\multimedia design applications\localrepo\assignment2\assignment2\debug\assignment2.tlog\link.command.1.tlog
f:\computing with digital media\multimedia design applications\localrepo\assignment2\assignment2\debug\assignment2.tlog\link.read.1.tlog
f:\computing with digital media\multimedia design applications\localrepo\assignment2\assignment2\debug\assignment2.tlog\link.write.1.tlog
