Build started 08/03/2017 18:56:23.
     1>Project "F:\Computing with Digital Media\Multimedia Design Applications\localRepo\assignment2\assignment2\assignment2.vcxproj" on node 2 (Build target(s)).
     1>ClCompile:
         C:\Program Files (x86)\Microsoft Visual Studio 12.0\VC\bin\CL.exe /c /ZI /nologo /W3 /WX- /sdl /Od /Oy- /D _MBCS /Gm /EHsc /RTC1 /MDd /GS /fp:precise /Zc:wchar_t /Zc:forScope /Fo"Debug\\" /Fd"Debug\vc120.pdb" /Gd /TP /analyze- /errorReport:prompt Character.cpp Game.cpp Input.cpp Main.cpp Renderer.cpp SDLUtils.cpp World.cpp
         Game.cpp
     1>f:\computing with digital media\multimedia design applications\localrepo\assignment2\assignment2\sdlutils.h(18): warning C4005: 'screenW' : macro redefinition
                 f:\computing with digital media\multimedia design applications\localrepo\assignment2\assignment2\sdlutils.h(15) : see previous definition of 'screenW'
     1>f:\computing with digital media\multimedia design applications\localrepo\assignment2\assignment2\sdlutils.h(19): warning C4005: 'screenH' : macro redefinition
                 f:\computing with digital media\multimedia design applications\localrepo\assignment2\assignment2\sdlutils.h(16) : see previous definition of 'screenH'
         Character.cpp
         Generating Code...
         Skipping... (no relevant changes detected)
         World.cpp
         SDLUtils.cpp
         Input.cpp
         Renderer.cpp
         Main.cpp
       Link:
         C:\Program Files (x86)\Microsoft Visual Studio 12.0\VC\bin\link.exe /ERRORREPORT:PROMPT /OUT:"F:\Computing with Digital Media\Multimedia Design Applications\localRepo\assignment2\Debug\assignment2.exe" /INCREMENTAL /NOLOGO SDL2.lib SDL2main.lib SDL2_image.lib SDL2_ttf.lib kernel32.lib user32.lib gdi32.lib winspool.lib comdlg32.lib advapi32.lib shell32.lib ole32.lib oleaut32.lib uuid.lib odbc32.lib odbccp32.lib /MANIFEST /MANIFESTUAC:"level='asInvoker' uiAccess='false'" /manifest:embed /DEBUG /PDB:"F:\Computing with Digital Media\Multimedia Design Applications\localRepo\assignment2\Debug\assignment2.pdb" /SUBSYSTEM:CONSOLE /TLBID:1 /DYNAMICBASE /NXCOMPAT /IMPLIB:"F:\Computing with Digital Media\Multimedia Design Applications\localRepo\assignment2\Debug\assignment2.lib" /MACHINE:X86 Debug\Character.obj
         Debug\Game.obj
         Debug\Input.obj
         Debug\Main.obj
         Debug\Renderer.obj
         Debug\SDLUtils.obj
         Debug\UI.obj
         Debug\World.obj
         assignment2.vcxproj -> F:\Computing with Digital Media\Multimedia Design Applications\localRepo\assignment2\Debug\assignment2.exe
     1>Done Building Project "F:\Computing with Digital Media\Multimedia Design Applications\localRepo\assignment2\assignment2\assignment2.vcxproj" (Build target(s)).

Build succeeded.

Time Elapsed 00:00:01.30
